app/build/intermediates/manifest_merge_blame_file/debug/processDebugMainManifest/manifest-merger-blame-debug-report.txt
1<?xml version="1.0" encoding="utf-8"?>
2<manifest xmlns:android="http://schemas.android.com/apk/res/android"
3    package="edu.polytech.filrouge_tp5"
4    android:versionCode="1"
5    android:versionName="1.0" >
6
7    <uses-sdk
8        android:minSdkVersion="24"
9        android:targetSdkVersion="34" />
10
11    <uses-permission android:name="android.permission.RECORD_AUDIO" />
11-->src\main\AndroidManifest.xml:4:5-71
11-->src\main\AndroidManifest.xml:4:22-68
12    <uses-permission android:name="android.permission.POST_NOTIFICATIONS" />
12-->src\main\AndroidManifest.xml:5:5-77
12-->src\main\AndroidManifest.xml:5:22-74
13
14    <supports-screens
14-->[org.osmdroid:osmdroid-android:6.0.2] AndroidManifest.xml:11:5-14:40
15        android:anyDensity="true"
15-->[org.osmdroid:osmdroid-android:6.0.2] AndroidManifest.xml:12:9-34
16        android:largeScreens="true"
16-->[org.osmdroid:osmdroid-android:6.0.2] AndroidManifest.xml:13:9-36
17        android:normalScreens="true" />
17-->[org.osmdroid:osmdroid-android:6.0.2] AndroidManifest.xml:14:9-37
18
19    <uses-feature
19-->[org.osmdroid:osmdroid-android:6.0.2] AndroidManifest.xml:16:5-18:36
20        android:name="android.hardware.location.network"
20-->[org.osmdroid:osmdroid-android:6.0.2] AndroidManifest.xml:17:9-57
21        android:required="false" />
21-->[org.osmdroid:osmdroid-android:6.0.2] AndroidManifest.xml:18:9-33
22    <uses-feature
22-->[org.osmdroid:osmdroid-android:6.0.2] AndroidManifest.xml:19:5-21:36
23        android:name="android.hardware.location.gps"
23-->[org.osmdroid:osmdroid-android:6.0.2] AndroidManifest.xml:20:9-53
24        android:required="false" />
24-->[org.osmdroid:osmdroid-android:6.0.2] AndroidManifest.xml:21:9-33
25    <uses-feature
25-->[org.osmdroid:osmdroid-android:6.0.2] AndroidManifest.xml:22:5-24:36
26        android:name="android.hardware.telephony"
26-->[org.osmdroid:osmdroid-android:6.0.2] AndroidManifest.xml:23:9-50
27        android:required="false" />
27-->[org.osmdroid:osmdroid-android:6.0.2] AndroidManifest.xml:24:9-33
28    <uses-feature
28-->[org.osmdroid:osmdroid-android:6.0.2] AndroidManifest.xml:25:5-27:36
29        android:name="android.hardware.wifi"
29-->[org.osmdroid:osmdroid-android:6.0.2] AndroidManifest.xml:26:9-45
30        android:required="false" />
30-->[org.osmdroid:osmdroid-android:6.0.2] AndroidManifest.xml:27:9-33
31
32    <permission
32-->[androidx.core:core:1.9.0] AndroidManifest.xml:22:5-24:47
33        android:name="edu.polytech.filrouge_tp5.DYNAMIC_RECEIVER_NOT_EXPORTED_PERMISSION"
33-->[androidx.core:core:1.9.0] AndroidManifest.xml:23:9-81
34        android:protectionLevel="signature" />
34-->[androidx.core:core:1.9.0] AndroidManifest.xml:24:9-44
35
36    <uses-permission android:name="edu.polytech.filrouge_tp5.DYNAMIC_RECEIVER_NOT_EXPORTED_PERMISSION" />
36-->[androidx.core:core:1.9.0] AndroidManifest.xml:26:5-97
36-->[androidx.core:core:1.9.0] AndroidManifest.xml:26:22-94
37
38    <application
38-->src\main\AndroidManifest.xml:7:5-27:19
39        android:allowBackup="true"
39-->src\main\AndroidManifest.xml:9:9-35
40        android:appComponentFactory="androidx.core.app.CoreComponentFactory"
40-->[androidx.core:core:1.9.0] AndroidManifest.xml:28:18-86
41        android:debuggable="true"
42        android:extractNativeLibs="false"
43        android:icon="@mipmap/ic_launcher"
43-->src\main\AndroidManifest.xml:10:9-43
44        android:label="@string/app_name"
44-->src\main\AndroidManifest.xml:11:9-41
45        android:supportsRtl="true"
45-->src\main\AndroidManifest.xml:12:9-35
46        android:testOnly="true"
47        android:theme="@style/Theme.SignalRoute"
47-->src\main\AndroidManifest.xml:13:9-49
48        android:usesCleartextTraffic="true" >
48-->src\main\AndroidManifest.xml:8:9-44
49        <activity
49-->src\main\AndroidManifest.xml:15:9-18:20
50            android:name="edu.polytech.filrouge_tp5.ControlActivity"
50-->src\main\AndroidManifest.xml:16:13-44
51            android:exported="true" >
51-->src\main\AndroidManifest.xml:17:13-36
52        </activity>
53        <activity
53-->src\main\AndroidManifest.xml:19:9-26:20
54            android:name="edu.polytech.filrouge_tp5.MainActivity"
54-->src\main\AndroidManifest.xml:20:13-41
55            android:exported="true" >
55-->src\main\AndroidManifest.xml:21:13-36
56            <intent-filter>
56-->src\main\AndroidManifest.xml:22:13-25:29
57                <action android:name="android.intent.action.MAIN" />
57-->src\main\AndroidManifest.xml:23:17-69
57-->src\main\AndroidManifest.xml:23:25-66
58
59                <category android:name="android.intent.category.LAUNCHER" />
59-->src\main\AndroidManifest.xml:24:17-77
59-->src\main\AndroidManifest.xml:24:27-74
60            </intent-filter>
61        </activity>
62
63        <provider
63-->[com.squareup.picasso:picasso:2.71828] AndroidManifest.xml:8:9-11:40
64            android:name="com.squareup.picasso.PicassoProvider"
64-->[com.squareup.picasso:picasso:2.71828] AndroidManifest.xml:9:13-64
65            android:authorities="edu.polytech.filrouge_tp5.com.squareup.picasso"
65-->[com.squareup.picasso:picasso:2.71828] AndroidManifest.xml:10:13-72
66            android:exported="false" />
66-->[com.squareup.picasso:picasso:2.71828] AndroidManifest.xml:11:13-37
67        <provider
67-->[androidx.emoji2:emoji2:1.2.0] AndroidManifest.xml:24:9-32:20
68            android:name="androidx.startup.InitializationProvider"
68-->[androidx.emoji2:emoji2:1.2.0] AndroidManifest.xml:25:13-67
69            android:authorities="edu.polytech.filrouge_tp5.androidx-startup"
69-->[androidx.emoji2:emoji2:1.2.0] AndroidManifest.xml:26:13-68
70            android:exported="false" >
70-->[androidx.emoji2:emoji2:1.2.0] AndroidManifest.xml:27:13-37
71            <meta-data
71-->[androidx.emoji2:emoji2:1.2.0] AndroidManifest.xml:29:13-31:52
72                android:name="androidx.emoji2.text.EmojiCompatInitializer"
72-->[androidx.emoji2:emoji2:1.2.0] AndroidManifest.xml:30:17-75
73                android:value="androidx.startup" />
73-->[androidx.emoji2:emoji2:1.2.0] AndroidManifest.xml:31:17-49
74            <meta-data
74-->[androidx.lifecycle:lifecycle-process:2.6.1] AndroidManifest.xml:29:13-31:52
75                android:name="androidx.lifecycle.ProcessLifecycleInitializer"
75-->[androidx.lifecycle:lifecycle-process:2.6.1] AndroidManifest.xml:30:17-78
76                android:value="androidx.startup" />
76-->[androidx.lifecycle:lifecycle-process:2.6.1] AndroidManifest.xml:31:17-49
77            <meta-data
77-->[androidx.profileinstaller:profileinstaller:1.3.0] AndroidManifest.xml:29:13-31:52
78                android:name="androidx.profileinstaller.ProfileInstallerInitializer"
78-->[androidx.profileinstaller:profileinstaller:1.3.0] AndroidManifest.xml:30:17-85
79                android:value="androidx.startup" />
79-->[androidx.profileinstaller:profileinstaller:1.3.0] AndroidManifest.xml:31:17-49
80        </provider>
81
82        <receiver
82-->[androidx.profileinstaller:profileinstaller:1.3.0] AndroidManifest.xml:34:9-52:20
83            android:name="androidx.profileinstaller.ProfileInstallReceiver"
83-->[androidx.profileinstaller:profileinstaller:1.3.0] AndroidManifest.xml:35:13-76
84            android:directBootAware="false"
84-->[androidx.profileinstaller:profileinstaller:1.3.0] AndroidManifest.xml:36:13-44
85            android:enabled="true"
85-->[androidx.profileinstaller:profileinstaller:1.3.0] AndroidManifest.xml:37:13-35
86            android:exported="true"
86-->[androidx.profileinstaller:profileinstaller:1.3.0] AndroidManifest.xml:38:13-36
87            android:permission="android.permission.DUMP" >
87-->[androidx.profileinstaller:profileinstaller:1.3.0] AndroidManifest.xml:39:13-57
88            <intent-filter>
88-->[androidx.profileinstaller:profileinstaller:1.3.0] AndroidManifest.xml:40:13-42:29
89                <action android:name="androidx.profileinstaller.action.INSTALL_PROFILE" />
89-->[androidx.profileinstaller:profileinstaller:1.3.0] AndroidManifest.xml:41:17-91
89-->[androidx.profileinstaller:profileinstaller:1.3.0] AndroidManifest.xml:41:25-88
90            </intent-filter>
91            <intent-filter>
91-->[androidx.profileinstaller:profileinstaller:1.3.0] AndroidManifest.xml:43:13-45:29
92                <action android:name="androidx.profileinstaller.action.SKIP_FILE" />
92-->[androidx.profileinstaller:profileinstaller:1.3.0] AndroidManifest.xml:44:17-85
92-->[androidx.profileinstaller:profileinstaller:1.3.0] AndroidManifest.xml:44:25-82
93            </intent-filter>
94            <intent-filter>
94-->[androidx.profileinstaller:profileinstaller:1.3.0] AndroidManifest.xml:46:13-48:29
95                <action android:name="androidx.profileinstaller.action.SAVE_PROFILE" />
95-->[androidx.profileinstaller:profileinstaller:1.3.0] AndroidManifest.xml:47:17-88
95-->[androidx.profileinstaller:profileinstaller:1.3.0] AndroidManifest.xml:47:25-85
96            </intent-filter>
97            <intent-filter>
97-->[androidx.profileinstaller:profileinstaller:1.3.0] AndroidManifest.xml:49:13-51:29
98                <action android:name="androidx.profileinstaller.action.BENCHMARK_OPERATION" />
98-->[androidx.profileinstaller:profileinstaller:1.3.0] AndroidManifest.xml:50:17-95
98-->[androidx.profileinstaller:profileinstaller:1.3.0] AndroidManifest.xml:50:25-92
99            </intent-filter>
100        </receiver>
101    </application>
102
103</manifest>